{"contracts\\ERC.sol":{"l":{"27":45,"28":45,"29":45,"30":45,"31":45,"35":15,"36":13,"40":1,"44":1,"48":1,"52":1,"56":4,"60":3,"64":4,"65":3,"69":3,"70":2,"71":1,"72":1,"76":2,"77":2,"78":1,"82":5,"84":4,"86":4,"90":3,"91":1,"95":4,"96":3,"98":2,"99":2,"101":2,"105":10,"106":9,"107":9,"109":9,"113":3,"114":2,"116":1,"117":1,"119":1},"path":"C:\\Users\\Acer\\Desktop\\_Crypton\\week1\\contracts\\ERC.sol","s":{"1":45,"2":45,"3":45,"4":45,"5":45,"6":15,"7":1,"8":1,"9":1,"10":1,"11":4,"12":3,"13":4,"14":3,"15":3,"16":2,"17":1,"18":1,"19":2,"20":2,"21":1,"22":5,"23":4,"24":4,"25":3,"26":1,"27":4,"28":3,"29":2,"30":2,"31":2,"32":10,"33":9,"34":9,"35":9,"36":3,"37":2,"38":1,"39":1,"40":1},"b":{"1":[13,2],"2":[2,1],"3":[1,1],"4":[4,1],"5":[3,1],"6":[2,1],"7":[9,1],"8":[2,1],"9":[1,1]},"f":{"1":45,"2":15,"3":1,"4":1,"5":1,"6":1,"7":4,"8":3,"9":4,"10":3,"11":2,"12":5,"13":3,"14":4,"15":10,"16":3},"fnMap":{"1":{"name":"constructor","line":21,"loc":{"start":{"line":21,"column":4},"end":{"line":32,"column":4}}},"2":{"name":"isOnwer","line":34,"loc":{"start":{"line":34,"column":4},"end":{"line":37,"column":4}}},"3":{"name":"name","line":39,"loc":{"start":{"line":39,"column":4},"end":{"line":41,"column":4}}},"4":{"name":"symbol","line":43,"loc":{"start":{"line":43,"column":4},"end":{"line":45,"column":4}}},"5":{"name":"totalSupply","line":47,"loc":{"start":{"line":47,"column":4},"end":{"line":49,"column":4}}},"6":{"name":"decimals","line":51,"loc":{"start":{"line":51,"column":4},"end":{"line":53,"column":4}}},"7":{"name":"balanceOf","line":55,"loc":{"start":{"line":55,"column":4},"end":{"line":57,"column":4}}},"8":{"name":"allowance","line":59,"loc":{"start":{"line":59,"column":4},"end":{"line":61,"column":4}}},"9":{"name":"approve","line":63,"loc":{"start":{"line":63,"column":4},"end":{"line":66,"column":4}}},"10":{"name":"transferFrom","line":68,"loc":{"start":{"line":68,"column":4},"end":{"line":73,"column":4}}},"11":{"name":"_updateAllowance","line":75,"loc":{"start":{"line":75,"column":4},"end":{"line":79,"column":4}}},"12":{"name":"_approve","line":81,"loc":{"start":{"line":81,"column":4},"end":{"line":87,"column":4}}},"13":{"name":"transfer","line":89,"loc":{"start":{"line":89,"column":4},"end":{"line":92,"column":4}}},"14":{"name":"_transfer","line":94,"loc":{"start":{"line":94,"column":4},"end":{"line":102,"column":4}}},"15":{"name":"mint","line":104,"loc":{"start":{"line":104,"column":4},"end":{"line":110,"column":4}}},"16":{"name":"burn","line":112,"loc":{"start":{"line":112,"column":4},"end":{"line":120,"column":4}}}},"statementMap":{"1":{"start":{"line":27,"column":8},"end":{"line":27,"column":25}},"2":{"start":{"line":28,"column":8},"end":{"line":28,"column":21}},"3":{"start":{"line":29,"column":8},"end":{"line":29,"column":25}},"4":{"start":{"line":30,"column":8},"end":{"line":30,"column":35}},"5":{"start":{"line":31,"column":8},"end":{"line":31,"column":29}},"6":{"start":{"line":35,"column":8},"end":{"line":35,"column":59}},"7":{"start":{"line":40,"column":8},"end":{"line":40,"column":20}},"8":{"start":{"line":44,"column":8},"end":{"line":44,"column":22}},"9":{"start":{"line":48,"column":8},"end":{"line":48,"column":27}},"10":{"start":{"line":52,"column":8},"end":{"line":52,"column":24}},"11":{"start":{"line":56,"column":8},"end":{"line":56,"column":31}},"12":{"start":{"line":60,"column":8},"end":{"line":60,"column":43}},"13":{"start":{"line":64,"column":8},"end":{"line":64,"column":45}},"14":{"start":{"line":65,"column":8},"end":{"line":65,"column":19}},"15":{"start":{"line":69,"column":8},"end":{"line":69,"column":76}},"16":{"start":{"line":70,"column":8},"end":{"line":70,"column":50}},"17":{"start":{"line":71,"column":8},"end":{"line":71,"column":36}},"18":{"start":{"line":72,"column":8},"end":{"line":72,"column":19}},"19":{"start":{"line":76,"column":8},"end":{"line":76,"column":53}},"20":{"start":{"line":77,"column":8},"end":{"line":77,"column":69}},"21":{"start":{"line":78,"column":8},"end":{"line":78,"column":54}},"22":{"start":{"line":82,"column":8},"end":{"line":82,"column":76}},"23":{"start":{"line":84,"column":8},"end":{"line":84,"column":44}},"24":{"start":{"line":86,"column":8},"end":{"line":86,"column":47}},"25":{"start":{"line":90,"column":8},"end":{"line":90,"column":41}},"26":{"start":{"line":91,"column":8},"end":{"line":91,"column":19}},"27":{"start":{"line":95,"column":8},"end":{"line":95,"column":72}},"28":{"start":{"line":96,"column":8},"end":{"line":96,"column":75}},"29":{"start":{"line":98,"column":8},"end":{"line":98,"column":32}},"30":{"start":{"line":99,"column":8},"end":{"line":99,"column":30}},"31":{"start":{"line":101,"column":8},"end":{"line":101,"column":41}},"32":{"start":{"line":105,"column":8},"end":{"line":105,"column":67}},"33":{"start":{"line":106,"column":8},"end":{"line":106,"column":30}},"34":{"start":{"line":107,"column":8},"end":{"line":107,"column":36}},"35":{"start":{"line":109,"column":8},"end":{"line":109,"column":52}},"36":{"start":{"line":113,"column":8},"end":{"line":113,"column":69}},"37":{"start":{"line":114,"column":8},"end":{"line":114,"column":70}},"38":{"start":{"line":116,"column":8},"end":{"line":116,"column":30}},"39":{"start":{"line":117,"column":8},"end":{"line":117,"column":36}},"40":{"start":{"line":119,"column":8},"end":{"line":119,"column":52}}},"branchMap":{"1":{"line":35,"type":"if","locations":[{"start":{"line":35,"column":8},"end":{"line":35,"column":8}},{"start":{"line":35,"column":8},"end":{"line":35,"column":8}}]},"2":{"line":69,"type":"if","locations":[{"start":{"line":69,"column":8},"end":{"line":69,"column":8}},{"start":{"line":69,"column":8},"end":{"line":69,"column":8}}]},"3":{"line":77,"type":"if","locations":[{"start":{"line":77,"column":8},"end":{"line":77,"column":8}},{"start":{"line":77,"column":8},"end":{"line":77,"column":8}}]},"4":{"line":82,"type":"if","locations":[{"start":{"line":82,"column":8},"end":{"line":82,"column":8}},{"start":{"line":82,"column":8},"end":{"line":82,"column":8}}]},"5":{"line":95,"type":"if","locations":[{"start":{"line":95,"column":8},"end":{"line":95,"column":8}},{"start":{"line":95,"column":8},"end":{"line":95,"column":8}}]},"6":{"line":96,"type":"if","locations":[{"start":{"line":96,"column":8},"end":{"line":96,"column":8}},{"start":{"line":96,"column":8},"end":{"line":96,"column":8}}]},"7":{"line":105,"type":"if","locations":[{"start":{"line":105,"column":8},"end":{"line":105,"column":8}},{"start":{"line":105,"column":8},"end":{"line":105,"column":8}}]},"8":{"line":113,"type":"if","locations":[{"start":{"line":113,"column":8},"end":{"line":113,"column":8}},{"start":{"line":113,"column":8},"end":{"line":113,"column":8}}]},"9":{"line":114,"type":"if","locations":[{"start":{"line":114,"column":8},"end":{"line":114,"column":8}},{"start":{"line":114,"column":8},"end":{"line":114,"column":8}}]}}}}